Listening...
Waiting for a connection
Accepted connection
Handling connection
deserialize: action_length = 3 
deserialize: path_length = 8 
deserialize: wd_value = 1 
deserialize: action_string = add 
deserialize: path_string = /var/log 
Done handling
Waiting for a connection
Accepted connection
Handling connection
deserialize: action_length = 6 
deserialize: path_length = 1 
deserialize: wd_value = 1 
deserialize: action_string = remove 
deserialize: path_string = 1 
Done handling
Waiting for a connection
Accepted connection
Handling connection
deserialize: action_length = 3 
deserialize: path_length = 8 
deserialize: wd_value = 1024 
deserialize: action_string = add 
deserialize: path_string = /var/log 
Done handling
Waiting for a connection
Accepted connection
Handling connection
deserialize: action_length = 6 
deserialize: path_length = 1 
deserialize: wd_value = 1024 
deserialize: action_string = remove 
deserialize: path_string = 1 
Done handling
Waiting for a connection
Accepted connection
Handling connection
deserialize: action_length = 6 
deserialize: path_length = 5 
deserialize: wd_value = 1024 
deserialize: action_string = remove 
deserialize: path_string = 1asda 
Done handling
Waiting for a connection
Accepted connection
Handling connection
deserialize: action_length = 6 
deserialize: path_length = 3 
deserialize: wd_value = 1024 
deserialize: action_string = remove 
deserialize: path_string = 100 
Done handling
Waiting for a connection
Accepted connection
Handling connection
deserialize: action_length = 6 
deserialize: path_length = 3 
deserialize: wd_value = 1024 
deserialize: action_string = remove 
deserialize: path_string = 100 
Done handling
Waiting for a connection
